2022/02/15-23:25 [main] INFO  com.tester.tester.TesterApplication- Starting TesterApplication on zoufangbos-MacBook-Pro.local with PID 32848 (/Users/bober/work/workspace/tester_server/target/classes started by bober in /Users/bober/work/workspace/tester_server)
2022/02/15-23:25 [main] INFO  com.tester.tester.TesterApplication- The following profiles are active: prod
2022/02/15-23:25 [main] INFO  org.springframework.data.repository.config.RepositoryConfigurationDelegate- Multiple Spring Data modules found, entering strict repository configuration mode!
2022/02/15-23:25 [main] INFO  org.springframework.data.repository.config.RepositoryConfigurationDelegate- Bootstrapping Spring Data repositories in DEFAULT mode.
2022/02/15-23:25 [main] INFO  org.springframework.data.repository.config.RepositoryConfigurationDelegate- Finished Spring Data repository scanning in 15ms. Found 0 repository interfaces.
2022/02/15-23:25 [main] INFO  org.springframework.context.support.PostProcessorRegistrationDelegate$BeanPostProcessorChecker- Bean 'redisConfig' of type [com.tester.tester.Config.RedisConfig$$EnhancerBySpringCGLIB$$5a0eaef] is not eligible for getting processed by all BeanPostProcessors (for example: not eligible for auto-proxying)
2022/02/15-23:25 [main] INFO  org.springframework.context.support.PostProcessorRegistrationDelegate$BeanPostProcessorChecker- Bean 'org.springframework.transaction.annotation.ProxyTransactionManagementConfiguration' of type [org.springframework.transaction.annotation.ProxyTransactionManagementConfiguration] is not eligible for getting processed by all BeanPostProcessors (for example: not eligible for auto-proxying)
2022/02/15-23:25 [main] INFO  org.springframework.boot.web.embedded.tomcat.TomcatWebServer- Tomcat initialized with port(s): 8089 (http)
2022/02/15-23:25 [main] INFO  org.apache.catalina.core.StandardService- Starting service [Tomcat]
2022/02/15-23:25 [main] INFO  org.apache.catalina.core.StandardEngine- Starting Servlet engine: [Apache Tomcat/9.0.27]
2022/02/15-23:25 [main] INFO  org.apache.catalina.core.ContainerBase.[Tomcat].[localhost].[/]- Initializing Spring embedded WebApplicationContext
2022/02/15-23:25 [main] INFO  org.springframework.web.context.ContextLoader- Root WebApplicationContext: initialization completed in 1538 ms
2022/02/15-23:25 [main] INFO  org.springframework.scheduling.concurrent.ThreadPoolTaskExecutor- Initializing ExecutorService 'applicationTaskExecutor'
2022/02/15-23:25 [main] INFO  org.springframework.boot.web.embedded.tomcat.TomcatWebServer- Tomcat started on port(s): 8089 (http) with context path ''
2022/02/15-23:25 [main] INFO  com.tester.tester.TesterApplication- Started TesterApplication in 3.512 seconds (JVM running for 4.255)
2022/02/15-23:27 [http-nio-8089-exec-1] INFO  org.apache.catalina.core.ContainerBase.[Tomcat].[localhost].[/]- Initializing Spring DispatcherServlet 'dispatcherServlet'
2022/02/15-23:27 [http-nio-8089-exec-1] INFO  org.springframework.web.servlet.DispatcherServlet- Initializing Servlet 'dispatcherServlet'
2022/02/15-23:27 [http-nio-8089-exec-1] INFO  org.springframework.web.servlet.DispatcherServlet- Completed initialization in 8 ms
2022/02/15-23:40 [SpringContextShutdownHook] INFO  org.springframework.scheduling.concurrent.ThreadPoolTaskExecutor- Shutting down ExecutorService 'applicationTaskExecutor'
2022/02/15-23:40 [main] INFO  com.tester.tester.TesterApplication- Starting TesterApplication on zoufangbos-MacBook-Pro.local with PID 33228 (/Users/bober/work/workspace/tester_server/target/classes started by bober in /Users/bober/work/workspace/tester_server)
2022/02/15-23:40 [main] INFO  com.tester.tester.TesterApplication- The following profiles are active: prod
2022/02/15-23:40 [main] INFO  org.springframework.data.repository.config.RepositoryConfigurationDelegate- Multiple Spring Data modules found, entering strict repository configuration mode!
2022/02/15-23:40 [main] INFO  org.springframework.data.repository.config.RepositoryConfigurationDelegate- Bootstrapping Spring Data repositories in DEFAULT mode.
2022/02/15-23:40 [main] INFO  org.springframework.data.repository.config.RepositoryConfigurationDelegate- Finished Spring Data repository scanning in 17ms. Found 0 repository interfaces.
2022/02/15-23:40 [main] INFO  org.springframework.context.support.PostProcessorRegistrationDelegate$BeanPostProcessorChecker- Bean 'redisConfig' of type [com.tester.tester.Config.RedisConfig$$EnhancerBySpringCGLIB$$eb3c5076] is not eligible for getting processed by all BeanPostProcessors (for example: not eligible for auto-proxying)
2022/02/15-23:40 [main] INFO  org.springframework.context.support.PostProcessorRegistrationDelegate$BeanPostProcessorChecker- Bean 'org.springframework.transaction.annotation.ProxyTransactionManagementConfiguration' of type [org.springframework.transaction.annotation.ProxyTransactionManagementConfiguration] is not eligible for getting processed by all BeanPostProcessors (for example: not eligible for auto-proxying)
2022/02/15-23:40 [main] INFO  org.springframework.boot.web.embedded.tomcat.TomcatWebServer- Tomcat initialized with port(s): 8089 (http)
2022/02/15-23:40 [main] INFO  org.apache.catalina.core.StandardService- Starting service [Tomcat]
2022/02/15-23:40 [main] INFO  org.apache.catalina.core.StandardEngine- Starting Servlet engine: [Apache Tomcat/9.0.27]
2022/02/15-23:40 [main] INFO  org.apache.catalina.core.ContainerBase.[Tomcat].[localhost].[/]- Initializing Spring embedded WebApplicationContext
2022/02/15-23:40 [main] INFO  org.springframework.web.context.ContextLoader- Root WebApplicationContext: initialization completed in 1137 ms
2022/02/15-23:40 [main] INFO  org.springframework.scheduling.concurrent.ThreadPoolTaskExecutor- Initializing ExecutorService 'applicationTaskExecutor'
2022/02/15-23:40 [main] INFO  org.springframework.boot.web.embedded.tomcat.TomcatWebServer- Tomcat started on port(s): 8089 (http) with context path ''
2022/02/15-23:40 [main] INFO  com.tester.tester.TesterApplication- Started TesterApplication in 2.526 seconds (JVM running for 2.997)
2022/02/15-23:40 [http-nio-8089-exec-1] INFO  org.apache.catalina.core.ContainerBase.[Tomcat].[localhost].[/]- Initializing Spring DispatcherServlet 'dispatcherServlet'
2022/02/15-23:40 [http-nio-8089-exec-1] INFO  org.springframework.web.servlet.DispatcherServlet- Initializing Servlet 'dispatcherServlet'
2022/02/15-23:40 [http-nio-8089-exec-1] INFO  org.springframework.web.servlet.DispatcherServlet- Completed initialization in 6 ms
2022/02/15-23:49 [SpringContextShutdownHook] INFO  org.springframework.scheduling.concurrent.ThreadPoolTaskExecutor- Shutting down ExecutorService 'applicationTaskExecutor'
2022/02/15-23:49 [main] INFO  com.tester.tester.TesterApplication- Starting TesterApplication on zoufangbos-MacBook-Pro.local with PID 33300 (/Users/bober/work/workspace/tester_server/target/classes started by bober in /Users/bober/work/workspace/tester_server)
2022/02/15-23:49 [main] INFO  com.tester.tester.TesterApplication- The following profiles are active: prod
2022/02/15-23:49 [main] INFO  org.springframework.data.repository.config.RepositoryConfigurationDelegate- Multiple Spring Data modules found, entering strict repository configuration mode!
2022/02/15-23:49 [main] INFO  org.springframework.data.repository.config.RepositoryConfigurationDelegate- Bootstrapping Spring Data repositories in DEFAULT mode.
2022/02/15-23:49 [main] INFO  org.springframework.data.repository.config.RepositoryConfigurationDelegate- Finished Spring Data repository scanning in 17ms. Found 0 repository interfaces.
2022/02/15-23:49 [main] INFO  org.springframework.context.support.PostProcessorRegistrationDelegate$BeanPostProcessorChecker- Bean 'redisConfig' of type [com.tester.tester.Config.RedisConfig$$EnhancerBySpringCGLIB$$a9f0cad8] is not eligible for getting processed by all BeanPostProcessors (for example: not eligible for auto-proxying)
2022/02/15-23:49 [main] INFO  org.springframework.context.support.PostProcessorRegistrationDelegate$BeanPostProcessorChecker- Bean 'org.springframework.transaction.annotation.ProxyTransactionManagementConfiguration' of type [org.springframework.transaction.annotation.ProxyTransactionManagementConfiguration] is not eligible for getting processed by all BeanPostProcessors (for example: not eligible for auto-proxying)
2022/02/15-23:49 [main] INFO  org.springframework.boot.web.embedded.tomcat.TomcatWebServer- Tomcat initialized with port(s): 8089 (http)
2022/02/15-23:49 [main] INFO  org.apache.catalina.core.StandardService- Starting service [Tomcat]
2022/02/15-23:49 [main] INFO  org.apache.catalina.core.StandardEngine- Starting Servlet engine: [Apache Tomcat/9.0.27]
2022/02/15-23:49 [main] INFO  org.apache.catalina.core.ContainerBase.[Tomcat].[localhost].[/]- Initializing Spring embedded WebApplicationContext
2022/02/15-23:49 [main] INFO  org.springframework.web.context.ContextLoader- Root WebApplicationContext: initialization completed in 1283 ms
2022/02/15-23:49 [main] INFO  org.springframework.scheduling.concurrent.ThreadPoolTaskExecutor- Initializing ExecutorService 'applicationTaskExecutor'
2022/02/15-23:49 [main] INFO  org.springframework.boot.web.embedded.tomcat.TomcatWebServer- Tomcat started on port(s): 8089 (http) with context path ''
2022/02/15-23:49 [main] INFO  com.tester.tester.TesterApplication- Started TesterApplication in 2.94 seconds (JVM running for 3.702)
2022/02/15-23:49 [http-nio-8089-exec-1] INFO  org.apache.catalina.core.ContainerBase.[Tomcat].[localhost].[/]- Initializing Spring DispatcherServlet 'dispatcherServlet'
2022/02/15-23:49 [http-nio-8089-exec-1] INFO  org.springframework.web.servlet.DispatcherServlet- Initializing Servlet 'dispatcherServlet'
2022/02/15-23:49 [http-nio-8089-exec-1] INFO  org.springframework.web.servlet.DispatcherServlet- Completed initialization in 9 ms
